<?xml version="1.0" encoding="UTF-8"?>
<!-- Generated by org.testng.reporters.JUnitReportReporter -->
<testsuite hostname="LAPTOP-KQT8LERC" failures="0" tests="1" name="sprint19.testautomation_ftrace.ProdukteTest" time="31.653" errors="0" timestamp="2021-07-26T17:38:20 MESZ" skipped="0">
  <testcase classname="sprint19.testautomation_ftrace.ProdukteTest" name="neue_produkt_anlegen" time="31.653"/>
  <system-out/>
</testsuite> <!-- sprint19.testautomation_ftrace.ProdukteTest -->
